#
# There is insufficient memory for the Java Runtime Environment to continue.
# Native memory allocation (malloc) failed to allocate 32744 bytes for ChunkPool::allocate
# Possible reasons:
#   The system is out of physical RAM or swap space
#   In 32 bit mode, the process size limit was hit
# Possible solutions:
#   Reduce memory load on the system
#   Increase physical memory or swap space
#   Check if swap backing store is full
#   Use 64 bit Java on a 64 bit OS
#   Decrease Java heap size (-Xmx/-Xms)
#   Decrease number of Java threads
#   Decrease Java thread stack sizes (-Xss)
#   Set larger code cache with -XX:ReservedCodeCacheSize=
# This output file may be truncated or incomplete.
#
#  Out of Memory Error (allocation.cpp:273), pid=11400, tid=0x0000000000000370
#
# JRE version: OpenJDK Runtime Environment (8.0_152-b02) (build 1.8.0_152-release-1024-b02)
# Java VM: OpenJDK 64-Bit Server VM (25.152-b02 mixed mode windows-amd64 compressed oops)
# Failed to write core dump. Minidumps are not enabled by default on client versions of Windows
#

---------------  T H R E A D  ---------------

Current thread (0x00000000054a7000):  JavaThread "main" [_thread_in_vm, id=880, stack(0x00000000053a0000,0x00000000054a0000)]

Stack: [0x00000000053a0000,0x00000000054a0000]
[error occurred during error reporting (printing stack bounds), id 0xc0000005]

Native frames: (J=compiled Java code, j=interpreted, Vv=VM code, C=native code)

Java frames: (J=compiled Java code, j=interpreted, Vv=VM code)
j  java.lang.Class.getDeclaredFields0(Z)[Ljava/lang/reflect/Field;+0
j  java.lang.Class.privateGetDeclaredFields(Z)[Ljava/lang/reflect/Field;+37
j  java.lang.Class.getDeclaredField(Ljava/lang/String;)Ljava/lang/reflect/Field;+11
j  java.util.concurrent.ConcurrentHashMap.<clinit>()V+103
v  ~StubRoutines::call_stub
j  sun.util.locale.LocaleObjectCache.<init>(IFI)V+16
j  sun.util.locale.LocaleObjectCache.<init>()V+7
j  java.util.Locale$Cache.<init>()V+1
j  java.util.Locale$Cache.<init>(Ljava/util/Locale$1;)V+1
j  java.util.Locale.<clinit>()V+21
v  ~StubRoutines::call_stub
j  java.io.WinNTFileSystem.hashCode(Ljava/io/File;)I+4
j  java.io.File.hashCode()I+4
j  java.util.HashMap.hash(Ljava/lang/Object;)I+9
j  java.util.HashMap.put(Ljava/lang/Object;Ljava/lang/Object;)Ljava/lang/Object;+2
j  sun.misc.MetaIndex.registerDirectory(Ljava/io/File;)V+178
j  sun.misc.Launcher$ExtClassLoader$1.run()Lsun/misc/Launcher$ExtClassLoader;+19
j  sun.misc.Launcher$ExtClassLoader$1.run()Ljava/lang/Object;+1
v  ~StubRoutines::call_stub
j  java.security.AccessController.doPrivileged(Ljava/security/PrivilegedExceptionAction;)Ljava/lang/Object;+0
j  sun.misc.Launcher$ExtClassLoader.getExtClassLoader()Lsun/misc/Launcher$ExtClassLoader;+12
j  sun.misc.Launcher.<init>()V+4
j  sun.misc.Launcher.<clinit>()V+15
v  ~StubRoutines::call_stub
j  java.lang.ClassLoader.initSystemClassLoader()V+22
j  java.lang.ClassLoader.getSystemClassLoader()Ljava/lang/ClassLoader;+0
v  ~StubRoutines::call_stub

---------------  P R O C E S S  ---------------

Java Threads: ( => current thread )
  0x0000000015d52000 JavaThread "Finalizer" daemon [_thread_blocked, id=10272, stack(0x0000000018040000,0x0000000018140000)]
  0x0000000015d49000 JavaThread "Reference Handler" daemon [_thread_blocked, id=6548, stack(0x0000000017b40000,0x0000000017c40000)]
=>0x00000000054a7000 JavaThread "main" [_thread_in_vm, id=880, stack(0x00000000053a0000,0x00000000054a0000)]

Other Threads:
  0x000000000559e800 VMThread [stack: 0x0000000017a40000,0x0000000017b40000] [id=6764]

VM state:not at safepoint (normal execution)

VM Mutex/Monitor currently owned by a thread: None

Heap:
 PSYoungGen      total 18944K, used 655K [0x00000000feb00000, 0x0000000100000000, 0x0000000100000000)
  eden space 16384K, 4% used [0x00000000feb00000,0x00000000feba3f10,0x00000000ffb00000)
  from space 2560K, 0% used [0x00000000ffd80000,0x00000000ffd80000,0x0000000100000000)
  to   space 2560K, 0% used [0x00000000ffb00000,0x00000000ffb00000,0x00000000ffd80000)
 ParOldGen       total 44032K, used 0K [0x00000000fc000000, 0x00000000feb00000, 0x00000000feb00000)
  object space 44032K, 0% used [0x00000000fc000000,0x00000000fc000000,0x00000000feb00000)
 Metaspace       used 2030K, capacity 4480K, committed 4480K, reserved 1056768K
  class space    used 214K, capacity 384K, committed 384K, reserved 1048576K

Card table byte_map: [0x00000000036b0000,0x00000000036e0000] byte_map_base: 0x0000000002ed0000

Marking Bits: (ParMarkBitMap*) 0x0000000067314970
 Begin Bits: [0x0000000015160000, 0x0000000015260000)
 End Bits:   [0x0000000015260000, 0x0000000015360000)

Polling page: 0x00000000031b0000

CodeCache: size=245760Kb used=429Kb max_used=429Kb free=245330Kb
 bounds [0x00000000055a0000, 0x0000000005810000, 0x00000000145a0000]
 total_blobs=154 nmethods=0 adapters=121
 compilation: enabled

Compilation events (0 events):
No events

GC Heap History (0 events):
No events

Deoptimization events (0 events):
No events

Classes redefined (0 events):
No events

Internal exceptions (2 events):
Event: 0.027 Thread 0x00000000054a7000 Exception <a 'java/lang/NoSuchMethodError': Method sun.misc.Unsafe.defineClass(Ljava/lang/String;[BII)Ljava/lang/Class; name or signature does not match> (0x00000000feb07ca8) thrown at [D:\src\AOSP-openjdk-cygwin\jdk8u\hotspot\src\share\vm\prims\jni.cpp, 
Event: 0.028 Thread 0x00000000054a7000 Exception <a 'java/lang/NoSuchMethodError': Method sun.misc.Unsafe.prefetchRead(Ljava/lang/Object;J)V name or signature does not match> (0x00000000feb07f90) thrown at [D:\src\AOSP-openjdk-cygwin\jdk8u\hotspot\src\share\vm\prims\jni.cpp, line 4011]

Events (10 events):
Event: 0.088 loading class java/util/concurrent/locks/Lock
Event: 0.088 loading class java/util/concurrent/locks/Lock done
Event: 0.088 loading class java/util/concurrent/locks/ReentrantLock done
Event: 0.088 loading class java/util/concurrent/ConcurrentHashMap$Segment done
Event: 0.088 loading class java/util/concurrent/ConcurrentHashMap$Node
Event: 0.088 loading class java/util/concurrent/ConcurrentHashMap$Node done
Event: 0.088 loading class java/util/concurrent/ConcurrentHashMap$CounterCell
Event: 0.088 loading class java/util/concurrent/ConcurrentHashMap$CounterCell done
Event: 0.088 loading class java/util/concurrent/ConcurrentHashMap$KeySetView
Event: 0.089 loading class java/util/concurrent/ConcurrentHashMap$CollectionView


Dynamic libraries:
0x00007ff6f56d0000 - 0x00007ff6f5701000 	D:\android studio\jre\bin\java.exe
0x00007ffbc0c90000 - 0x00007ffbc0e70000 	C:\windows\SYSTEM32\ntdll.dll
0x00007ffbc0bb0000 - 0x00007ffbc0c5e000 	C:\windows\System32\KERNEL32.DLL
0x00007ffbbdef0000 - 0x00007ffbbe156000 	C:\windows\System32\KERNELBASE.dll
0x00007ffbbe720000 - 0x00007ffbbe7c1000 	C:\windows\System32\ADVAPI32.dll
0x00007ffbbea80000 - 0x00007ffbbeb1d000 	C:\windows\System32\msvcrt.dll
0x00007ffbbe6c0000 - 0x00007ffbbe71b000 	C:\windows\System32\sechost.dll
0x00007ffbbe510000 - 0x00007ffbbe62f000 	C:\windows\System32\RPCRT4.dll
0x00007ffbbe7d0000 - 0x00007ffbbe95f000 	C:\windows\System32\USER32.dll
0x00007ffbbd510000 - 0x00007ffbbd530000 	C:\windows\System32\win32u.dll
0x00007ffbbee30000 - 0x00007ffbbee58000 	C:\windows\System32\GDI32.dll
0x00007ffbbd530000 - 0x00007ffbbd6c3000 	C:\windows\System32\gdi32full.dll
0x00007ffbbd2c0000 - 0x00007ffbbd35b000 	C:\windows\System32\msvcp_win.dll
0x00007ffbbd360000 - 0x00007ffbbd456000 	C:\windows\System32\ucrtbase.dll
0x00007ffbb2470000 - 0x00007ffbb26d9000 	C:\windows\WinSxS\amd64_microsoft.windows.common-controls_6595b64144ccf1df_6.0.16299.125_none_15cbcf8893620c09\COMCTL32.dll
0x00007ffbbe200000 - 0x00007ffbbe508000 	C:\windows\System32\combase.dll
0x00007ffbbd6d0000 - 0x00007ffbbd742000 	C:\windows\System32\bcryptPrimitives.dll
0x00007ffbbe630000 - 0x00007ffbbe65d000 	C:\windows\System32\IMM32.DLL
0x0000000066990000 - 0x0000000066a62000 	D:\android studio\jre\jre\bin\msvcr100.dll
0x0000000066b50000 - 0x000000006738f000 	D:\android studio\jre\jre\bin\server\jvm.dll
0x00007ffbc0750000 - 0x00007ffbc0758000 	C:\windows\System32\PSAPI.DLL
0x00007ffbb8320000 - 0x00007ffbb832a000 	C:\windows\SYSTEM32\VERSION.dll
0x00007ffbbb310000 - 0x00007ffbbb333000 	C:\windows\SYSTEM32\WINMM.dll
0x00007ffbbb480000 - 0x00007ffbbb489000 	C:\windows\SYSTEM32\WSOCK32.dll
0x00007ffbbea10000 - 0x00007ffbbea7c000 	C:\windows\System32\WS2_32.dll
0x00007ffbbb010000 - 0x00007ffbbb03a000 	C:\windows\SYSTEM32\winmmbase.dll
0x00007ffbbdea0000 - 0x00007ffbbdeea000 	C:\windows\System32\cfgmgr32.dll
0x00007ffbb9b70000 - 0x00007ffbb9b7f000 	D:\android studio\jre\jre\bin\verify.dll
0x00007ffbb7c30000 - 0x00007ffbb7c59000 	D:\android studio\jre\jre\bin\java.dll
0x00007ffbb7b60000 - 0x00007ffbb7b76000 	D:\android studio\jre\jre\bin\zip.dll
0x00007ffbbef70000 - 0x00007ffbc03a6000 	C:\windows\System32\SHELL32.dll
0x00007ffbbe960000 - 0x00007ffbbea06000 	C:\windows\System32\shcore.dll
0x00007ffbbd750000 - 0x00007ffbbde97000 	C:\windows\System32\windows.storage.dll
0x00007ffbbe660000 - 0x00007ffbbe6b1000 	C:\windows\System32\shlwapi.dll
0x00007ffbbcfe0000 - 0x00007ffbbcff1000 	C:\windows\System32\kernel.appcore.dll
0x00007ffbbd000000 - 0x00007ffbbd04c000 	C:\windows\System32\powrprof.dll
0x00007ffbbd070000 - 0x00007ffbbd08b000 	C:\windows\System32\profapi.dll

VM Arguments:
jvm_args: -Djava.awt.headless=true -Xmx64M -Dfile.encoding=GBK -Duser.country=CN -Duser.language=zh -Duser.variant 
java_command: com.google.devtools.build.android.desugar.Desugar --input D:\Android\workspace\quickly\app\build\intermediates\transforms\stackFramesFixer\debug\32.jar --output D:\Android\workspace\quickly\app\build\intermediates\transforms\desugar\debug\33.jar --input D:\Android\workspace\quickly\app\build\intermediates\transforms\stackFramesFixer\debug\67.jar --output D:\Android\workspace\quickly\app\build\intermediates\transforms\desugar\debug\68.jar --input D:\Android\workspace\quickly\app\build\intermediates\transforms\stackFramesFixer\debug\73.jar --output D:\Android\workspace\quickly\app\build\intermediates\transforms\desugar\debug\74.jar --input D:\Android\workspace\quickly\app\build\intermediates\transforms\stackFramesFixer\debug\12.jar --output D:\Android\workspace\quickly\app\build\intermediates\transforms\desugar\debug\13.jar --input D:\Android\workspace\quickly\app\build\intermediates\transforms\stackFramesFixer\debug\76.jar --output D:\Android\workspace\quickly\app\build\intermediates\transforms\desugar\debug\77.jar --input D:\Android\workspace\quickly\app\build\intermediates\transforms\stackFramesFixer\debug\79.jar --output D:\Android\workspace\quickly\app\build\intermediates\transforms\desugar\debug\80.jar --input D:\Android\workspace\quickly\app\build\intermediates\transforms\stackFramesFixer\debug\38.jar --output D:\Android\workspace\quickly\app\build\intermediates\transforms\desugar\debug\39.jar --input D:\Android\workspace\quickly\app\build\intermediates\transforms\stackFramesFixer\debug\10.jar --output D:\Android\workspace\quickly\app\build\intermediates\transforms\desugar\debug\11.jar --input D:\Android\workspace\quickly\app\build\intermediates\transforms\stackFramesFixer\debug\16.jar --output D:\Android\workspace\quickly\app\build\intermediates\transforms\desugar\debug\17.jar --input D:\Android\workspace\quickly\app\build\intermediates\transforms\stackFramesFixer\debug\82.jar --output D:\Android\workspace\quickly\app\build\intermediates\transf
java_class_path (initial): C:\Users\Administrator\AppData\Local\Temp\desugar_deploy.jar3314415491213434658
Launcher Type: SUN_STANDARD

Environment Variables:
JAVA_HOME=C:\Program Files\Java\jdk1.8.0_161
CLASSPATH=.;C:\Program Files\Java\jdk1.8.0_161\lib;C:\Program Files\Java\jdk1.8.0_161\lib\tools.jar;C:\Program Files\Java\jdk1.8.0_161\lib\dt.jar
PATH=C:\ProgramData\Oracle\Java\javapath;C:\windows\system32;C:\windows;C:\windows\System32\Wbem;C:\windows\System32\WindowsPowerShell\v1.0\;D:\apache-maven-3.5.2\bin;C:\Program Files\MySQL\MySQL Utilities 1.6\;C:\Program Files\Redis\;"C:\Program Files\Java\jdk1.8.0_161\bin;C:\Program Files\Java\jdk1.8.0_161\jre\bin";C:\Program Files\nodejs\;C:\Program Files (x86)\NVIDIA Corporation\PhysX\Common\;C:\Program Files (x86)\Yozosoft\Yozo_Office\Lib\xuggler\bin;D:\gradle-4.9\bin;C:\Users\Administrator\AppData\Local\Microsoft\WindowsApps;C:\Users\Administrator\AppData\Roaming\npm;C:\Program Files\Microsoft VS Code\bin;C:\Users\Administrator\AppData\Local\GitHubDesktop\bin
USERNAME=Administrator
OS=Windows_NT
PROCESSOR_IDENTIFIER=Intel64 Family 6 Model 158 Stepping 9, GenuineIntel



---------------  S Y S T E M  ---------------

OS: Windows 10.0 , 64 bit Build 16299 (10.0.16299.15)

CPU:total 8 (initial active 8) (4 cores per cpu, 2 threads per core) family 6 model 158 stepping 9, cmov, cx8, fxsr, mmx, sse, sse2, sse3, ssse3, sse4.1, sse4.2, popcnt, avx, avx2, aes, clmul, erms, rtm, 3dnowpref, lzcnt, ht, tsc, tscinvbit, bmi1, bmi2, adx

Memory: 4k page, physical 8327076k(349572k free), swap 16715684k(2264k free)

vm_info: OpenJDK 64-Bit Server VM (25.152-b02) for windows-amd64 JRE (1.8.0_152-release-1024-b02), built by "builder" with MS VC++ 10.0 (VS2010)

time: Wed Sep 19 16:19:58 2018
elapsed time: 0 seconds (0d 0h 0m 0s)

