#
# There is insufficient memory for the Java Runtime Environment to continue.
# Native memory allocation (malloc) failed to allocate 32744 bytes for ChunkPool::allocate
# Possible reasons:
#   The system is out of physical RAM or swap space
#   In 32 bit mode, the process size limit was hit
# Possible solutions:
#   Reduce memory load on the system
#   Increase physical memory or swap space
#   Check if swap backing store is full
#   Use 64 bit Java on a 64 bit OS
#   Decrease Java heap size (-Xmx/-Xms)
#   Decrease number of Java threads
#   Decrease Java thread stack sizes (-Xss)
#   Set larger code cache with -XX:ReservedCodeCacheSize=
# This output file may be truncated or incomplete.
#
#  Out of Memory Error (allocation.cpp:273), pid=7700, tid=0x0000000000002d4c
#
# JRE version: OpenJDK Runtime Environment (8.0_152-b02) (build 1.8.0_152-release-1024-b02)
# Java VM: OpenJDK 64-Bit Server VM (25.152-b02 mixed mode windows-amd64 compressed oops)
# Failed to write core dump. Minidumps are not enabled by default on client versions of Windows
#

---------------  T H R E A D  ---------------

Current thread (0x0000000017bfb000):  JavaThread "C1 CompilerThread3" daemon [_thread_in_native, id=11596, stack(0x00000000185d0000,0x00000000186d0000)]

Stack: [0x00000000185d0000,0x00000000186d0000]
[error occurred during error reporting (printing stack bounds), id 0xc0000005]

Native frames: (J=compiled Java code, j=interpreted, Vv=VM code, C=native code)


Current CompileTask:
C1:   1526  638       3       java.util.zip.ZipFile::getZipEntry (236 bytes)


---------------  P R O C E S S  ---------------

Java Threads: ( => current thread )
  0x0000000017c87800 JavaThread "Service Thread" daemon [_thread_blocked, id=4908, stack(0x00000000186d0000,0x00000000187d0000)]
=>0x0000000017bfb000 JavaThread "C1 CompilerThread3" daemon [_thread_in_native, id=11596, stack(0x00000000185d0000,0x00000000186d0000)]
  0x0000000017bf7000 JavaThread "C2 CompilerThread2" daemon [_thread_in_native, id=5276, stack(0x00000000184d0000,0x00000000185d0000)]
  0x0000000017bf3000 JavaThread "C2 CompilerThread1" daemon [_thread_in_native, id=1736, stack(0x00000000183d0000,0x00000000184d0000)]
  0x0000000017bf1000 JavaThread "C2 CompilerThread0" daemon [_thread_in_native, id=11432, stack(0x00000000182d0000,0x00000000183d0000)]
  0x0000000017bef000 JavaThread "Attach Listener" daemon [_thread_blocked, id=2092, stack(0x00000000181d0000,0x00000000182d0000)]
  0x0000000017b9d000 JavaThread "Signal Dispatcher" daemon [_thread_blocked, id=2000, stack(0x00000000180d0000,0x00000000181d0000)]
  0x0000000017b80800 JavaThread "Finalizer" daemon [_thread_blocked, id=572, stack(0x0000000017f60000,0x0000000018060000)]
  0x000000000545b000 JavaThread "Reference Handler" daemon [_thread_blocked, id=6920, stack(0x0000000017a60000,0x0000000017b60000)]
  0x0000000005367000 JavaThread "main" [_thread_in_Java, id=3000, stack(0x0000000004ec0000,0x0000000004fc0000)]

Other Threads:
  0x0000000015c68000 VMThread [stack: 0x0000000017960000,0x0000000017a60000] [id=5848]
  0x0000000017c88000 WatcherThread [stack: 0x00000000187d0000,0x00000000188d0000] [id=11332]

VM state:not at safepoint (normal execution)

VM Mutex/Monitor currently owned by a thread: None

Heap:
 PSYoungGen      total 18944K, used 15104K [0x00000000feb00000, 0x0000000100000000, 0x0000000100000000)
  eden space 16384K, 92% used [0x00000000feb00000,0x00000000ff9c0098,0x00000000ffb00000)
  from space 2560K, 0% used [0x00000000ffd80000,0x00000000ffd80000,0x0000000100000000)
  to   space 2560K, 0% used [0x00000000ffb00000,0x00000000ffb00000,0x00000000ffd80000)
 ParOldGen       total 44032K, used 0K [0x00000000fc000000, 0x00000000feb00000, 0x00000000feb00000)
  object space 44032K, 0% used [0x00000000fc000000,0x00000000fc000000,0x00000000feb00000)
 Metaspace       used 6857K, capacity 7050K, committed 7296K, reserved 1056768K
  class space    used 802K, capacity 871K, committed 896K, reserved 1048576K

Card table byte_map: [0x0000000014820000,0x0000000014850000] byte_map_base: 0x0000000014040000

Marking Bits: (ParMarkBitMap*) 0x0000000067314970
 Begin Bits: [0x0000000015050000, 0x0000000015150000)
 End Bits:   [0x0000000015150000, 0x0000000015250000)

Polling page: 0x00000000036c0000

CodeCache: size=245760Kb used=2381Kb max_used=2392Kb free=243378Kb
 bounds [0x0000000005460000, 0x00000000056d0000, 0x0000000014460000]
 total_blobs=953 nmethods=629 adapters=238
 compilation: enabled

Compilation events (10 events):
Event: 1.518 Thread 0x0000000017bf7000  631       4       com.google.common.collect.TransformedIterator::next (14 bytes)
Event: 1.519 Thread 0x0000000017bf1000 nmethod 623 0x00000000056b4190 code [0x00000000056b43a0, 0x00000000056b4bc0]
Event: 1.519 Thread 0x0000000017bf1000  630   !   4       java.util.zip.ZipFile$ZipEntryIterator::hasNext (41 bytes)
Event: 1.520 Thread 0x0000000017bf1000 nmethod 630 0x00000000056ac210 code [0x00000000056ac360, 0x00000000056ac698]
Event: 1.520 Thread 0x0000000017bf1000  633       4       java.util.zip.ZipFile$ZipEntryIterator::nextElement (5 bytes)
Event: 1.522 Thread 0x0000000017bf3000 nmethod 626 0x00000000056ad350 code [0x00000000056ad520, 0x00000000056adc80]
Event: 1.522 Thread 0x0000000017bf3000  627       4       com.google.common.collect.TransformedIterator::hasNext (10 bytes)
Event: 1.523 Thread 0x0000000017bf3000 nmethod 627 0x00000000056acb10 code [0x00000000056acc60, 0x00000000056acf98]
Event: 1.523 Thread 0x0000000017bfb000  638       3       java.util.zip.ZipFile::getZipEntry (236 bytes)
Event: 1.523 Thread 0x0000000017bf3000  632       4       com.google.common.collect.Iterators$12::next (10 bytes)

GC Heap History (0 events):
No events

Deoptimization events (3 events):
Event: 1.482 Thread 0x0000000005367000 Uncommon trap: reason=unstable_if action=reinterpret pc=0x0000000005687378 method=java.lang.String.startsWith(Ljava/lang/String;I)Z @ 25
Event: 1.523 Thread 0x0000000005367000 Uncommon trap: reason=unstable_if action=reinterpret pc=0x00000000056af488 method=java.util.zip.ZipFile$ZipEntryIterator.hasNext()Z @ 25
Event: 1.523 Thread 0x0000000005367000 Uncommon trap: reason=unstable_if action=reinterpret pc=0x00000000056b4a98 method=java.util.zip.ZipCoder.decoder()Ljava/nio/charset/CharsetDecoder; @ 4

Classes redefined (0 events):
No events

Internal exceptions (10 events):
Event: 1.199 Thread 0x0000000005367000 Exception <a 'sun/nio/fs/WindowsException'> (0x00000000ff272318) thrown at [D:\src\AOSP-openjdk-cygwin\jdk8u\hotspot\src\share\vm\prims\jni.cpp, line 709]
Event: 1.250 Thread 0x0000000005367000 Exception <a 'sun/nio/fs/WindowsException'> (0x00000000ff281828) thrown at [D:\src\AOSP-openjdk-cygwin\jdk8u\hotspot\src\share\vm\prims\jni.cpp, line 709]
Event: 1.294 Thread 0x0000000005367000 Exception <a 'sun/nio/fs/WindowsException'> (0x00000000ff285a58) thrown at [D:\src\AOSP-openjdk-cygwin\jdk8u\hotspot\src\share\vm\prims\jni.cpp, line 709]
Event: 1.298 Thread 0x0000000005367000 Exception <a 'java/lang/IncompatibleClassChangeError': Found class java.lang.Object, but interface was expected> (0x00000000ff286cc0) thrown at [D:\src\AOSP-openjdk-cygwin\jdk8u\hotspot\src\share\vm\interpreter\linkResolver.cpp, line 643]
Event: 1.298 Thread 0x0000000005367000 Exception <a 'sun/nio/fs/WindowsException'> (0x00000000ff28a808) thrown at [D:\src\AOSP-openjdk-cygwin\jdk8u\hotspot\src\share\vm\prims\jni.cpp, line 709]
Event: 1.324 Thread 0x0000000005367000 Exception <a 'sun/nio/fs/WindowsException'> (0x00000000ff28e1e8) thrown at [D:\src\AOSP-openjdk-cygwin\jdk8u\hotspot\src\share\vm\prims\jni.cpp, line 709]
Event: 1.329 Thread 0x0000000005367000 Exception <a 'sun/nio/fs/WindowsException'> (0x00000000ff294738) thrown at [D:\src\AOSP-openjdk-cygwin\jdk8u\hotspot\src\share\vm\prims\jni.cpp, line 709]
Event: 1.354 Thread 0x0000000005367000 Exception <a 'sun/nio/fs/WindowsException'> (0x00000000ff298940) thrown at [D:\src\AOSP-openjdk-cygwin\jdk8u\hotspot\src\share\vm\prims\jni.cpp, line 709]
Event: 1.423 Thread 0x0000000005367000 Exception <a 'sun/nio/fs/WindowsException'> (0x00000000ff2a19c8) thrown at [D:\src\AOSP-openjdk-cygwin\jdk8u\hotspot\src\share\vm\prims\jni.cpp, line 709]
Event: 1.523 Thread 0x0000000005367000 Implicit null exception at 0x00000000056b44b9 to 0x00000000056b4a75

Events (10 events):
Event: 1.486 loading class java/util/concurrent/TimeUnit$7
Event: 1.486 loading class java/util/concurrent/TimeUnit$7 done
Event: 1.486 loading class java/nio/file/attribute/FileTime
Event: 1.486 loading class java/nio/file/attribute/FileTime done
Event: 1.523 Thread 0x0000000005367000 Uncommon trap: trap_request=0xffffff65 fr.pc=0x00000000056af488
Event: 1.523 Thread 0x0000000005367000 DEOPT PACKING pc=0x00000000056af488 sp=0x0000000004fbf000
Event: 1.523 Thread 0x0000000005367000 DEOPT UNPACKING pc=0x00000000054a557b sp=0x0000000004fbeef8 mode 2
Event: 1.523 Thread 0x0000000005367000 Uncommon trap: trap_request=0xffffff65 fr.pc=0x00000000056b4a98
Event: 1.523 Thread 0x0000000005367000 DEOPT PACKING pc=0x00000000056b4a98 sp=0x0000000004fbee60
Event: 1.523 Thread 0x0000000005367000 DEOPT UNPACKING pc=0x00000000054a557b sp=0x0000000004fbed50 mode 2


Dynamic libraries:
0x00007ff6f56d0000 - 0x00007ff6f5701000 	D:\android studio\jre\bin\java.exe
0x00007ffbc0c90000 - 0x00007ffbc0e70000 	C:\windows\SYSTEM32\ntdll.dll
0x00007ffbc0bb0000 - 0x00007ffbc0c5e000 	C:\windows\System32\KERNEL32.DLL
0x00007ffbbdef0000 - 0x00007ffbbe156000 	C:\windows\System32\KERNELBASE.dll
0x00007ffbbe720000 - 0x00007ffbbe7c1000 	C:\windows\System32\ADVAPI32.dll
0x00007ffbbea80000 - 0x00007ffbbeb1d000 	C:\windows\System32\msvcrt.dll
0x00007ffbbe6c0000 - 0x00007ffbbe71b000 	C:\windows\System32\sechost.dll
0x00007ffbbe510000 - 0x00007ffbbe62f000 	C:\windows\System32\RPCRT4.dll
0x00007ffbbe7d0000 - 0x00007ffbbe95f000 	C:\windows\System32\USER32.dll
0x00007ffbbd510000 - 0x00007ffbbd530000 	C:\windows\System32\win32u.dll
0x00007ffbbee30000 - 0x00007ffbbee58000 	C:\windows\System32\GDI32.dll
0x00007ffbbd530000 - 0x00007ffbbd6c3000 	C:\windows\System32\gdi32full.dll
0x00007ffbbd2c0000 - 0x00007ffbbd35b000 	C:\windows\System32\msvcp_win.dll
0x00007ffbbd360000 - 0x00007ffbbd456000 	C:\windows\System32\ucrtbase.dll
0x00007ffbb2470000 - 0x00007ffbb26d9000 	C:\windows\WinSxS\amd64_microsoft.windows.common-controls_6595b64144ccf1df_6.0.16299.125_none_15cbcf8893620c09\COMCTL32.dll
0x00007ffbbe200000 - 0x00007ffbbe508000 	C:\windows\System32\combase.dll
0x00007ffbbd6d0000 - 0x00007ffbbd742000 	C:\windows\System32\bcryptPrimitives.dll
0x00007ffbbe630000 - 0x00007ffbbe65d000 	C:\windows\System32\IMM32.DLL
0x0000000066990000 - 0x0000000066a62000 	D:\android studio\jre\jre\bin\msvcr100.dll
0x0000000066b50000 - 0x000000006738f000 	D:\android studio\jre\jre\bin\server\jvm.dll
0x00007ffbc0750000 - 0x00007ffbc0758000 	C:\windows\System32\PSAPI.DLL
0x00007ffbbb310000 - 0x00007ffbbb333000 	C:\windows\SYSTEM32\WINMM.dll
0x00007ffbb8320000 - 0x00007ffbb832a000 	C:\windows\SYSTEM32\VERSION.dll
0x00007ffbbb010000 - 0x00007ffbbb03a000 	C:\windows\SYSTEM32\WINMMBASE.dll
0x00007ffbbdea0000 - 0x00007ffbbdeea000 	C:\windows\System32\cfgmgr32.dll
0x00007ffbbb480000 - 0x00007ffbbb489000 	C:\windows\SYSTEM32\WSOCK32.dll
0x00007ffbbea10000 - 0x00007ffbbea7c000 	C:\windows\System32\WS2_32.dll
0x00007ffbb9b70000 - 0x00007ffbb9b7f000 	D:\android studio\jre\jre\bin\verify.dll
0x00007ffbb7c30000 - 0x00007ffbb7c59000 	D:\android studio\jre\jre\bin\java.dll
0x00007ffbb7b60000 - 0x00007ffbb7b76000 	D:\android studio\jre\jre\bin\zip.dll
0x00007ffbbef70000 - 0x00007ffbc03a6000 	C:\windows\System32\SHELL32.dll
0x00007ffbbe960000 - 0x00007ffbbea06000 	C:\windows\System32\shcore.dll
0x00007ffbbd750000 - 0x00007ffbbde97000 	C:\windows\System32\windows.storage.dll
0x00007ffbbe660000 - 0x00007ffbbe6b1000 	C:\windows\System32\shlwapi.dll
0x00007ffbbcfe0000 - 0x00007ffbbcff1000 	C:\windows\System32\kernel.appcore.dll
0x00007ffbbd000000 - 0x00007ffbbd04c000 	C:\windows\System32\powrprof.dll
0x00007ffbbd070000 - 0x00007ffbbd08b000 	C:\windows\System32\profapi.dll
0x00007ffbbc9b0000 - 0x00007ffbbc9c7000 	C:\windows\SYSTEM32\CRYPTSP.dll
0x00007ffbbc3f0000 - 0x00007ffbbc423000 	C:\windows\system32\rsaenh.dll
0x00007ffbbcab0000 - 0x00007ffbbcad5000 	C:\windows\SYSTEM32\bcrypt.dll
0x00007ffbbcee0000 - 0x00007ffbbcf09000 	C:\windows\SYSTEM32\USERENV.dll
0x00007ffbbc9a0000 - 0x00007ffbbc9ab000 	C:\windows\SYSTEM32\CRYPTBASE.dll
0x00007ffbb4500000 - 0x00007ffbb451a000 	D:\android studio\jre\jre\bin\net.dll
0x00007ffbbc7e0000 - 0x00007ffbbc846000 	C:\windows\system32\mswsock.dll
0x00007ffbbc570000 - 0x00007ffbbc5a9000 	C:\windows\SYSTEM32\IPHLPAPI.DLL
0x00007ffbc0500000 - 0x00007ffbc0508000 	C:\windows\System32\NSI.dll
0x00007ffbb8530000 - 0x00007ffbb8546000 	C:\windows\SYSTEM32\dhcpcsvc6.DLL
0x00007ffbb84d0000 - 0x00007ffbb84ea000 	C:\windows\SYSTEM32\dhcpcsvc.DLL
0x00007ffbb2af0000 - 0x00007ffbb2b01000 	D:\android studio\jre\jre\bin\nio.dll

VM Arguments:
jvm_args: -Djava.awt.headless=true -Xmx64M -Dfile.encoding=GBK -Duser.country=CN -Duser.language=zh -Duser.variant 
java_command: com.google.devtools.build.android.desugar.Desugar --input D:\Android\workspace\quickly\app\build\intermediates\transforms\stackFramesFixer\debug\25.jar --output D:\Android\workspace\quickly\app\build\intermediates\transforms\desugar\debug\26.jar --input D:\Android\workspace\quickly\app\build\intermediates\transforms\stackFramesFixer\debug\48.jar --output D:\Android\workspace\quickly\app\build\intermediates\transforms\desugar\debug\49.jar --input D:\Android\workspace\quickly\app\build\intermediates\transforms\stackFramesFixer\debug\68.jar --output D:\Android\workspace\quickly\app\build\intermediates\transforms\desugar\debug\69.jar --input D:\Android\workspace\quickly\app\build\intermediates\transforms\stackFramesFixer\debug\26.jar --output D:\Android\workspace\quickly\app\build\intermediates\transforms\desugar\debug\27.jar --input D:\Android\workspace\quickly\app\build\intermediates\transforms\stackFramesFixer\debug\11.jar --output D:\Android\workspace\quickly\app\build\intermediates\transforms\desugar\debug\12.jar --input D:\Android\workspace\quickly\app\build\intermediates\transforms\stackFramesFixer\debug\63.jar --output D:\Android\workspace\quickly\app\build\intermediates\transforms\desugar\debug\64.jar --input D:\Android\workspace\quickly\app\build\intermediates\transforms\stackFramesFixer\debug\22.jar --output D:\Android\workspace\quickly\app\build\intermediates\transforms\desugar\debug\23.jar --input D:\Android\workspace\quickly\app\build\intermediates\transforms\stackFramesFixer\debug\60.jar --output D:\Android\workspace\quickly\app\build\intermediates\transforms\desugar\debug\61.jar --input D:\Android\workspace\quickly\app\build\intermediates\transforms\stackFramesFixer\debug\40.jar --output D:\Android\workspace\quickly\app\build\intermediates\transforms\desugar\debug\41.jar --input D:\Android\workspace\quickly\app\build\intermediates\transforms\stackFramesFixer\debug\72.jar --output D:\Android\workspace\quickly\app\build\intermediates\transf
java_class_path (initial): C:\Users\Administrator\AppData\Local\Temp\desugar_deploy.jar3314415491213434658
Launcher Type: SUN_STANDARD

Environment Variables:
JAVA_HOME=C:\Program Files\Java\jdk1.8.0_161
CLASSPATH=.;C:\Program Files\Java\jdk1.8.0_161\lib;C:\Program Files\Java\jdk1.8.0_161\lib\tools.jar;C:\Program Files\Java\jdk1.8.0_161\lib\dt.jar
PATH=C:\ProgramData\Oracle\Java\javapath;C:\windows\system32;C:\windows;C:\windows\System32\Wbem;C:\windows\System32\WindowsPowerShell\v1.0\;D:\apache-maven-3.5.2\bin;C:\Program Files\MySQL\MySQL Utilities 1.6\;C:\Program Files\Redis\;"C:\Program Files\Java\jdk1.8.0_161\bin;C:\Program Files\Java\jdk1.8.0_161\jre\bin";C:\Program Files\nodejs\;C:\Program Files (x86)\NVIDIA Corporation\PhysX\Common\;C:\Program Files (x86)\Yozosoft\Yozo_Office\Lib\xuggler\bin;D:\gradle-4.9\bin;C:\Users\Administrator\AppData\Local\Microsoft\WindowsApps;C:\Users\Administrator\AppData\Roaming\npm;C:\Program Files\Microsoft VS Code\bin;C:\Users\Administrator\AppData\Local\GitHubDesktop\bin
USERNAME=Administrator
OS=Windows_NT
PROCESSOR_IDENTIFIER=Intel64 Family 6 Model 158 Stepping 9, GenuineIntel



---------------  S Y S T E M  ---------------

OS: Windows 10.0 , 64 bit Build 16299 (10.0.16299.15)

CPU:total 8 (initial active 8) (4 cores per cpu, 2 threads per core) family 6 model 158 stepping 9, cmov, cx8, fxsr, mmx, sse, sse2, sse3, ssse3, sse4.1, sse4.2, popcnt, avx, avx2, aes, clmul, erms, rtm, 3dnowpref, lzcnt, ht, tsc, tscinvbit, bmi1, bmi2, adx

Memory: 4k page, physical 8327076k(300388k free), swap 16715684k(28k free)

vm_info: OpenJDK 64-Bit Server VM (25.152-b02) for windows-amd64 JRE (1.8.0_152-release-1024-b02), built by "builder" with MS VC++ 10.0 (VS2010)

time: Wed Sep 19 16:20:20 2018
elapsed time: 1 seconds (0d 0h 0m 1s)

